<?xml version="1.0" encoding="UTF-8"?>
<!-- Generated by org.testng.reporters.JUnitReportReporter -->
<testsuite hostname="WKWIN8926693" failures="0" tests="1" name="Tests.TestCase1" time="2.525" errors="0" timestamp="2022-07-11T11:20:30 IST" skipped="0">
  <testcase classname="Tests.TestCase1" name="test_1" time="2.525"/>
  <system-out/>
</testsuite> <!-- Tests.TestCase1 -->
